[INFO  - 2017-04-24T17:42:23.186Z] GhostDriver - Main - running on port 32218
[INFO  - 2017-04-24T17:42:23.562Z] Session [5fc00040-2915-11e7-810f-f19655d4a69e] - page.settings - {"XSSAuditingEnabled":false,"javascriptCanCloseWindows":true,"javascriptCanOpenWindows":true,"javascriptEnabled":true,"loadImages":true,"localToRemoteUrlAccessEnabled":false,"userAgent":"Mozilla/5.0 (Unknown; Linux x86_64) AppleWebKit/538.1 (KHTML, like Gecko) PhantomJS/2.1.1 Safari/538.1","webSecurityEnabled":true}
[INFO  - 2017-04-24T17:42:23.562Z] Session [5fc00040-2915-11e7-810f-f19655d4a69e] - page.customHeaders:  - {}
[INFO  - 2017-04-24T17:42:23.562Z] Session [5fc00040-2915-11e7-810f-f19655d4a69e] - Session.negotiatedCapabilities - {"browserName":"phantomjs","version":"2.1.1","driverName":"ghostdriver","driverVersion":"1.2.0","platform":"linux-unknown-64bit","javascriptEnabled":true,"takesScreenshot":true,"handlesAlerts":false,"databaseEnabled":false,"locationContextEnabled":false,"applicationCacheEnabled":false,"browserConnectionEnabled":false,"cssSelectorsEnabled":true,"webStorageEnabled":false,"rotatable":false,"acceptSslCerts":false,"nativeEvents":true,"proxy":{"proxyType":"direct"}}
[INFO  - 2017-04-24T17:42:23.563Z] SessionManagerReqHand - _postNewSessionCommand - New Session Created: 5fc00040-2915-11e7-810f-f19655d4a69e
[INFO  - 2017-04-24T17:42:31.419Z] ShutdownReqHand - _handle - About to shutdown
[INFO  - 2017-04-24T17:44:29.981Z] GhostDriver - Main - running on port 25494
[INFO  - 2017-04-24T17:44:30.241Z] Session [ab41aeb0-2915-11e7-8f42-41cca5464959] - page.settings - {"XSSAuditingEnabled":false,"javascriptCanCloseWindows":true,"javascriptCanOpenWindows":true,"javascriptEnabled":true,"loadImages":true,"localToRemoteUrlAccessEnabled":false,"userAgent":"Mozilla/5.0 (Unknown; Linux x86_64) AppleWebKit/538.1 (KHTML, like Gecko) PhantomJS/2.1.1 Safari/538.1","webSecurityEnabled":true}
[INFO  - 2017-04-24T17:44:30.241Z] Session [ab41aeb0-2915-11e7-8f42-41cca5464959] - page.customHeaders:  - {}
[INFO  - 2017-04-24T17:44:30.242Z] Session [ab41aeb0-2915-11e7-8f42-41cca5464959] - Session.negotiatedCapabilities - {"browserName":"phantomjs","version":"2.1.1","driverName":"ghostdriver","driverVersion":"1.2.0","platform":"linux-unknown-64bit","javascriptEnabled":true,"takesScreenshot":true,"handlesAlerts":false,"databaseEnabled":false,"locationContextEnabled":false,"applicationCacheEnabled":false,"browserConnectionEnabled":false,"cssSelectorsEnabled":true,"webStorageEnabled":false,"rotatable":false,"acceptSslCerts":false,"nativeEvents":true,"proxy":{"proxyType":"direct"}}
[INFO  - 2017-04-24T17:44:30.243Z] SessionManagerReqHand - _postNewSessionCommand - New Session Created: ab41aeb0-2915-11e7-8f42-41cca5464959
[INFO  - 2017-04-24T17:44:36.325Z] ShutdownReqHand - _handle - About to shutdown
[INFO  - 2017-04-25T04:37:22.016Z] GhostDriver - Main - running on port 23398
[INFO  - 2017-04-25T04:37:22.525Z] Session [dfc20580-2970-11e7-94c5-772975d6e582] - page.settings - {"XSSAuditingEnabled":false,"javascriptCanCloseWindows":true,"javascriptCanOpenWindows":true,"javascriptEnabled":true,"loadImages":true,"localToRemoteUrlAccessEnabled":false,"userAgent":"Mozilla/5.0 (Windows NT 6.2; WOW64) AppleWebKit/538.1 (KHTML, like Gecko) PhantomJS/2.1.1 Safari/538.1","webSecurityEnabled":true}
[INFO  - 2017-04-25T04:37:22.525Z] Session [dfc20580-2970-11e7-94c5-772975d6e582] - page.customHeaders:  - {}
[INFO  - 2017-04-25T04:37:22.525Z] Session [dfc20580-2970-11e7-94c5-772975d6e582] - Session.negotiatedCapabilities - {"browserName":"phantomjs","version":"2.1.1","driverName":"ghostdriver","driverVersion":"1.2.0","platform":"windows-10-32bit","javascriptEnabled":true,"takesScreenshot":true,"handlesAlerts":false,"databaseEnabled":false,"locationContextEnabled":false,"applicationCacheEnabled":false,"browserConnectionEnabled":false,"cssSelectorsEnabled":true,"webStorageEnabled":false,"rotatable":false,"acceptSslCerts":false,"nativeEvents":true,"proxy":{"proxyType":"direct"}}
[INFO  - 2017-04-25T04:37:22.525Z] SessionManagerReqHand - _postNewSessionCommand - New Session Created: dfc20580-2970-11e7-94c5-772975d6e582
[INFO  - 2017-04-25T04:39:18.423Z] GhostDriver - Main - running on port 24207
[INFO  - 2017-04-25T04:39:18.731Z] Session [2505a660-2971-11e7-8632-11a5b4556a35] - page.settings - {"XSSAuditingEnabled":false,"javascriptCanCloseWindows":true,"javascriptCanOpenWindows":true,"javascriptEnabled":true,"loadImages":true,"localToRemoteUrlAccessEnabled":false,"userAgent":"Mozilla/5.0 (Windows NT 6.2; WOW64) AppleWebKit/538.1 (KHTML, like Gecko) PhantomJS/2.1.1 Safari/538.1","webSecurityEnabled":true}
[INFO  - 2017-04-25T04:39:18.731Z] Session [2505a660-2971-11e7-8632-11a5b4556a35] - page.customHeaders:  - {}
[INFO  - 2017-04-25T04:39:18.731Z] Session [2505a660-2971-11e7-8632-11a5b4556a35] - Session.negotiatedCapabilities - {"browserName":"phantomjs","version":"2.1.1","driverName":"ghostdriver","driverVersion":"1.2.0","platform":"windows-10-32bit","javascriptEnabled":true,"takesScreenshot":true,"handlesAlerts":false,"databaseEnabled":false,"locationContextEnabled":false,"applicationCacheEnabled":false,"browserConnectionEnabled":false,"cssSelectorsEnabled":true,"webStorageEnabled":false,"rotatable":false,"acceptSslCerts":false,"nativeEvents":true,"proxy":{"proxyType":"direct"}}
[INFO  - 2017-04-25T04:39:18.731Z] SessionManagerReqHand - _postNewSessionCommand - New Session Created: 2505a660-2971-11e7-8632-11a5b4556a35
[ERROR - 2017-04-25T04:39:53.332Z] WebElementLocator - _handleLocateCommand - Element(s) NOT Found: GAVE UP. Search Stop Time: 1493095193287
[INFO  - 2017-04-25T04:41:57.957Z] GhostDriver - Main - running on port 36826
[INFO  - 2017-04-25T04:41:58.261Z] Session [841bff00-2971-11e7-9b66-d9cf52303c6f] - page.settings - {"XSSAuditingEnabled":false,"javascriptCanCloseWindows":true,"javascriptCanOpenWindows":true,"javascriptEnabled":true,"loadImages":true,"localToRemoteUrlAccessEnabled":false,"userAgent":"Mozilla/5.0 (Windows NT 6.2; WOW64) AppleWebKit/538.1 (KHTML, like Gecko) PhantomJS/2.1.1 Safari/538.1","webSecurityEnabled":true}
[INFO  - 2017-04-25T04:41:58.262Z] Session [841bff00-2971-11e7-9b66-d9cf52303c6f] - page.customHeaders:  - {}
[INFO  - 2017-04-25T04:41:58.262Z] Session [841bff00-2971-11e7-9b66-d9cf52303c6f] - Session.negotiatedCapabilities - {"browserName":"phantomjs","version":"2.1.1","driverName":"ghostdriver","driverVersion":"1.2.0","platform":"windows-10-32bit","javascriptEnabled":true,"takesScreenshot":true,"handlesAlerts":false,"databaseEnabled":false,"locationContextEnabled":false,"applicationCacheEnabled":false,"browserConnectionEnabled":false,"cssSelectorsEnabled":true,"webStorageEnabled":false,"rotatable":false,"acceptSslCerts":false,"nativeEvents":true,"proxy":{"proxyType":"direct"}}
[INFO  - 2017-04-25T04:41:58.262Z] SessionManagerReqHand - _postNewSessionCommand - New Session Created: 841bff00-2971-11e7-9b66-d9cf52303c6f
[ERROR - 2017-04-25T04:43:09.689Z] WebElementLocator - _handleLocateCommand - Element(s) NOT Found: GAVE UP. Search Stop Time: 1493095389676
[INFO  - 2017-04-25T04:46:19.769Z] GhostDriver - Main - running on port 24636
[INFO  - 2017-04-25T04:46:20.105Z] Session [202e1130-2972-11e7-9c08-67a36cf8319a] - page.settings - {"XSSAuditingEnabled":false,"javascriptCanCloseWindows":true,"javascriptCanOpenWindows":true,"javascriptEnabled":true,"loadImages":true,"localToRemoteUrlAccessEnabled":false,"userAgent":"Mozilla/5.0 (Windows NT 6.2; WOW64) AppleWebKit/538.1 (KHTML, like Gecko) PhantomJS/2.1.1 Safari/538.1","webSecurityEnabled":true}
[INFO  - 2017-04-25T04:46:20.105Z] Session [202e1130-2972-11e7-9c08-67a36cf8319a] - page.customHeaders:  - {}
[INFO  - 2017-04-25T04:46:20.105Z] Session [202e1130-2972-11e7-9c08-67a36cf8319a] - Session.negotiatedCapabilities - {"browserName":"phantomjs","version":"2.1.1","driverName":"ghostdriver","driverVersion":"1.2.0","platform":"windows-10-32bit","javascriptEnabled":true,"takesScreenshot":true,"handlesAlerts":false,"databaseEnabled":false,"locationContextEnabled":false,"applicationCacheEnabled":false,"browserConnectionEnabled":false,"cssSelectorsEnabled":true,"webStorageEnabled":false,"rotatable":false,"acceptSslCerts":false,"nativeEvents":true,"proxy":{"proxyType":"direct"}}
[INFO  - 2017-04-25T04:46:20.105Z] SessionManagerReqHand - _postNewSessionCommand - New Session Created: 202e1130-2972-11e7-9c08-67a36cf8319a
[INFO  - 2017-04-25T04:51:20.043Z] SessionManagerReqHand - _cleanupWindowlessSessions - Asynchronous Sessions clean-up phase starting NOW
[INFO  - 2017-04-25T04:56:20.050Z] SessionManagerReqHand - _cleanupWindowlessSessions - Asynchronous Sessions clean-up phase starting NOW
[INFO  - 2017-04-25T04:57:37.573Z] GhostDriver - Main - running on port 39030
[INFO  - 2017-04-25T04:57:37.882Z] Session [b42ac850-2973-11e7-8a3c-7194b597619a] - page.settings - {"XSSAuditingEnabled":false,"javascriptCanCloseWindows":true,"javascriptCanOpenWindows":true,"javascriptEnabled":true,"loadImages":true,"localToRemoteUrlAccessEnabled":false,"userAgent":"Mozilla/5.0 (Windows NT 6.2; WOW64) AppleWebKit/538.1 (KHTML, like Gecko) PhantomJS/2.1.1 Safari/538.1","webSecurityEnabled":true}
[INFO  - 2017-04-25T04:57:37.882Z] Session [b42ac850-2973-11e7-8a3c-7194b597619a] - page.customHeaders:  - {}
[INFO  - 2017-04-25T04:57:37.882Z] Session [b42ac850-2973-11e7-8a3c-7194b597619a] - Session.negotiatedCapabilities - {"browserName":"phantomjs","version":"2.1.1","driverName":"ghostdriver","driverVersion":"1.2.0","platform":"windows-10-32bit","javascriptEnabled":true,"takesScreenshot":true,"handlesAlerts":false,"databaseEnabled":false,"locationContextEnabled":false,"applicationCacheEnabled":false,"browserConnectionEnabled":false,"cssSelectorsEnabled":true,"webStorageEnabled":false,"rotatable":false,"acceptSslCerts":false,"nativeEvents":true,"proxy":{"proxyType":"direct"}}
[INFO  - 2017-04-25T04:57:37.883Z] SessionManagerReqHand - _postNewSessionCommand - New Session Created: b42ac850-2973-11e7-8a3c-7194b597619a
[INFO  - 2017-04-25T04:57:45.575Z] ShutdownReqHand - _handle - About to shutdown
[INFO  - 2017-04-25T07:37:48.011Z] GhostDriver - Main - running on port 1346
[INFO  - 2017-04-25T07:37:48.230Z] Session [14618310-298a-11e7-8867-93092377eade] - page.settings - {"XSSAuditingEnabled":false,"javascriptCanCloseWindows":true,"javascriptCanOpenWindows":true,"javascriptEnabled":true,"loadImages":true,"localToRemoteUrlAccessEnabled":false,"userAgent":"Mozilla/5.0 (Windows NT 6.2; WOW64) AppleWebKit/538.1 (KHTML, like Gecko) PhantomJS/2.1.1 Safari/538.1","webSecurityEnabled":true}
[INFO  - 2017-04-25T07:37:48.230Z] Session [14618310-298a-11e7-8867-93092377eade] - page.customHeaders:  - {}
[INFO  - 2017-04-25T07:37:48.230Z] Session [14618310-298a-11e7-8867-93092377eade] - Session.negotiatedCapabilities - {"browserName":"phantomjs","version":"2.1.1","driverName":"ghostdriver","driverVersion":"1.2.0","platform":"windows-10-32bit","javascriptEnabled":true,"takesScreenshot":true,"handlesAlerts":false,"databaseEnabled":false,"locationContextEnabled":false,"applicationCacheEnabled":false,"browserConnectionEnabled":false,"cssSelectorsEnabled":true,"webStorageEnabled":false,"rotatable":false,"acceptSslCerts":false,"nativeEvents":true,"proxy":{"proxyType":"direct"}}
[INFO  - 2017-04-25T07:37:48.230Z] SessionManagerReqHand - _postNewSessionCommand - New Session Created: 14618310-298a-11e7-8867-93092377eade
[INFO  - 2017-04-25T07:37:56.155Z] ShutdownReqHand - _handle - About to shutdown
[INFO  - 2017-04-25T09:10:34.340Z] GhostDriver - Main - running on port 47357
[INFO  - 2017-04-25T09:10:34.653Z] Session [0a3a1a70-2997-11e7-92cf-977c8076a89f] - page.settings - {"XSSAuditingEnabled":false,"javascriptCanCloseWindows":true,"javascriptCanOpenWindows":true,"javascriptEnabled":true,"loadImages":true,"localToRemoteUrlAccessEnabled":false,"userAgent":"Mozilla/5.0 (Windows NT 6.2; WOW64) AppleWebKit/538.1 (KHTML, like Gecko) PhantomJS/2.1.1 Safari/538.1","webSecurityEnabled":true}
[INFO  - 2017-04-25T09:10:34.653Z] Session [0a3a1a70-2997-11e7-92cf-977c8076a89f] - page.customHeaders:  - {}
[INFO  - 2017-04-25T09:10:34.653Z] Session [0a3a1a70-2997-11e7-92cf-977c8076a89f] - Session.negotiatedCapabilities - {"browserName":"phantomjs","version":"2.1.1","driverName":"ghostdriver","driverVersion":"1.2.0","platform":"windows-10-32bit","javascriptEnabled":true,"takesScreenshot":true,"handlesAlerts":false,"databaseEnabled":false,"locationContextEnabled":false,"applicationCacheEnabled":false,"browserConnectionEnabled":false,"cssSelectorsEnabled":true,"webStorageEnabled":false,"rotatable":false,"acceptSslCerts":false,"nativeEvents":true,"proxy":{"proxyType":"direct"}}
[INFO  - 2017-04-25T09:10:34.653Z] SessionManagerReqHand - _postNewSessionCommand - New Session Created: 0a3a1a70-2997-11e7-92cf-977c8076a89f
[ERROR - 2017-04-25T09:11:07.065Z] WebElementLocator - _handleLocateCommand - Element(s) NOT Found: GAVE UP. Search Stop Time: 1493111467004
[INFO  - 2017-04-25T09:11:35.826Z] GhostDriver - Main - running on port 2551
[INFO  - 2017-04-25T09:11:36.172Z] Session [2ee54f70-2997-11e7-b652-3f6fe80e02b1] - page.settings - {"XSSAuditingEnabled":false,"javascriptCanCloseWindows":true,"javascriptCanOpenWindows":true,"javascriptEnabled":true,"loadImages":true,"localToRemoteUrlAccessEnabled":false,"userAgent":"Mozilla/5.0 (Windows NT 6.2; WOW64) AppleWebKit/538.1 (KHTML, like Gecko) PhantomJS/2.1.1 Safari/538.1","webSecurityEnabled":true}
[INFO  - 2017-04-25T09:11:36.172Z] Session [2ee54f70-2997-11e7-b652-3f6fe80e02b1] - page.customHeaders:  - {}
[INFO  - 2017-04-25T09:11:36.173Z] Session [2ee54f70-2997-11e7-b652-3f6fe80e02b1] - Session.negotiatedCapabilities - {"browserName":"phantomjs","version":"2.1.1","driverName":"ghostdriver","driverVersion":"1.2.0","platform":"windows-10-32bit","javascriptEnabled":true,"takesScreenshot":true,"handlesAlerts":false,"databaseEnabled":false,"locationContextEnabled":false,"applicationCacheEnabled":false,"browserConnectionEnabled":false,"cssSelectorsEnabled":true,"webStorageEnabled":false,"rotatable":false,"acceptSslCerts":false,"nativeEvents":true,"proxy":{"proxyType":"direct"}}
[INFO  - 2017-04-25T09:11:36.173Z] SessionManagerReqHand - _postNewSessionCommand - New Session Created: 2ee54f70-2997-11e7-b652-3f6fe80e02b1
[ERROR - 2017-04-25T09:12:08.383Z] WebElementLocator - _handleLocateCommand - Element(s) NOT Found: GAVE UP. Search Stop Time: 1493111528336
[INFO  - 2017-04-25T09:16:36.285Z] SessionManagerReqHand - _cleanupWindowlessSessions - Asynchronous Sessions clean-up phase starting NOW
[INFO  - 2017-04-25T09:21:36.295Z] SessionManagerReqHand - _cleanupWindowlessSessions - Asynchronous Sessions clean-up phase starting NOW
[INFO  - 2017-04-25T09:26:36.301Z] SessionManagerReqHand - _cleanupWindowlessSessions - Asynchronous Sessions clean-up phase starting NOW
[INFO  - 2017-04-25T09:31:36.307Z] SessionManagerReqHand - _cleanupWindowlessSessions - Asynchronous Sessions clean-up phase starting NOW
[INFO  - 2017-04-25T09:36:36.307Z] SessionManagerReqHand - _cleanupWindowlessSessions - Asynchronous Sessions clean-up phase starting NOW
[INFO  - 2017-04-25T09:41:36.307Z] SessionManagerReqHand - _cleanupWindowlessSessions - Asynchronous Sessions clean-up phase starting NOW
[INFO  - 2017-04-25T09:46:36.307Z] SessionManagerReqHand - _cleanupWindowlessSessions - Asynchronous Sessions clean-up phase starting NOW
[INFO  - 2017-04-25T09:51:36.307Z] SessionManagerReqHand - _cleanupWindowlessSessions - Asynchronous Sessions clean-up phase starting NOW
a-11e7-90e0-f7720100341d] - page.customHeaders:  - {}
[INFO  - 2017-04-25T09:35:51.422Z] Session [924aaf80-299a-11e7-90e0-f7720100341d] - Session.negotiatedCapabilities - {"browserName":"phantomjs","version":"2.1.1","driverName":"ghostdriver","driverVersion":"1.2.0","platform":"windows-10-32bit","javascriptEnabled":true,"takesScreenshot":true,"handlesAlerts":false,"databaseEnabled":false,"locationContextEnabled":false,"applicationCacheEnabled":false,"browserConnectionEnabled":false,"cssSelectorsEnabled":true,"webStorageEnabled":false,"rotatable":false,"acceptSslCerts":false,"nativeEvents":true,"proxy":{"proxyType":"direct"}}
[INFO  - 2017-04-25T09:35:51.422Z] SessionManagerReqHand - _postNewSessionCommand - New Session Created: 924aaf80-299a-11e7-90e0-f7720100341d
[ERROR - 2017-04-25T09:36:23.868Z] WebElementLocator - _handleLocateCommand - Element(s) NOT Found: GAVE UP. Search Stop Time: 1493112983866
[INFO  - 2017-04-25T09:40:51.138Z] SessionManagerReqHand - _cleanupWindowlessSessions - Asynchronous Sessions clean-up phase starting NOW
[INFO  - 2017-04-25T09:45:51.163Z] SessionManagerReqHand - _cleanupWindowlessSessions - Asynchronous Sessions clean-up phase starting NOW
[INFO  - 2017-04-25T09:50:51.174Z] SessionManagerReqHand - _cleanupWindowlessSessions - Asynchronous Sessions clean-up phase starting NOW
38.1 (KHTML, like Gecko) PhantomJS/2.1.1 Safari/538.1","webSecurityEnabled":true}
[INFO  - 2017-04-25T09:38:45.202Z] Session [f9df8fd0-299a-11e7-ac6d-1b3e796946c1] - page.customHeaders:  - {}
[INFO  - 2017-04-25T09:38:45.203Z] Session [f9df8fd0-299a-11e7-ac6d-1b3e796946c1] - Session.negotiatedCapabilities - {"browserName":"phantomjs","version":"2.1.1","driverName":"ghostdriver","driverVersion":"1.2.0","platform":"windows-10-32bit","javascriptEnabled":true,"takesScreenshot":true,"handlesAlerts":false,"databaseEnabled":false,"locationContextEnabled":false,"applicationCacheEnabled":false,"browserConnectionEnabled":false,"cssSelectorsEnabled":true,"webStorageEnabled":false,"rotatable":false,"acceptSslCerts":false,"nativeEvents":true,"proxy":{"proxyType":"direct"}}
[INFO  - 2017-04-25T09:38:45.203Z] SessionManagerReqHand - _postNewSessionCommand - New Session Created: f9df8fd0-299a-11e7-ac6d-1b3e796946c1
[INFO  - 2017-04-25T09:38:53.438Z] ShutdownReqHand - _handle - About to shutdown
[INFO  - 2017-04-25T09:55:38.590Z] GhostDriver - Main - running on port 11415
[INFO  - 2017-04-25T09:55:38.917Z] Session [56183200-299d-11e7-863b-99c6c4a257e1] - page.settings - {"XSSAuditingEnabled":false,"javascriptCanCloseWindows":true,"javascriptCanOpenWindows":true,"javascriptEnabled":true,"loadImages":true,"localToRemoteUrlAccessEnabled":false,"userAgent":"Mozilla/5.0 (Windows NT 6.2; WOW64) AppleWebKit/538.1 (KHTML, like Gecko) PhantomJS/2.1.1 Safari/538.1","webSecurityEnabled":true}
[INFO  - 2017-04-25T09:55:38.917Z] Session [56183200-299d-11e7-863b-99c6c4a257e1] - page.customHeaders:  - {}
[INFO  - 2017-04-25T09:55:38.917Z] Session [56183200-299d-11e7-863b-99c6c4a257e1] - Session.negotiatedCapabilities - {"browserName":"phantomjs","version":"2.1.1","driverName":"ghostdriver","driverVersion":"1.2.0","platform":"windows-10-32bit","javascriptEnabled":true,"takesScreenshot":true,"handlesAlerts":false,"databaseEnabled":false,"locationContextEnabled":false,"applicationCacheEnabled":false,"browserConnectionEnabled":false,"cssSelectorsEnabled":true,"webStorageEnabled":false,"rotatable":false,"acceptSslCerts":false,"nativeEvents":true,"proxy":{"proxyType":"direct"}}
[INFO  - 2017-04-25T09:55:38.917Z] SessionManagerReqHand - _postNewSessionCommand - New Session Created: 56183200-299d-11e7-863b-99c6c4a257e1
[INFO  - 2017-04-25T09:56:11.951Z] ShutdownReqHand - _handle - About to shutdown
[INFO  - 2017-04-25T09:58:37.134Z] GhostDriver - Main - running on port 22428
[INFO  - 2017-04-25T09:58:37.418Z] Session [c07d4950-299d-11e7-8ea7-eb2c997e7c9f] - page.settings - {"XSSAuditingEnabled":false,"javascriptCanCloseWindows":true,"javascriptCanOpenWindows":true,"javascriptEnabled":true,"loadImages":true,"localToRemoteUrlAccessEnabled":false,"userAgent":"Mozilla/5.0 (Windows NT 6.2; WOW64) AppleWebKit/538.1 (KHTML, like Gecko) PhantomJS/2.1.1 Safari/538.1","webSecurityEnabled":true}
[INFO  - 2017-04-25T09:58:37.418Z] Session [c07d4950-299d-11e7-8ea7-eb2c997e7c9f] - page.customHeaders:  - {}
[INFO  - 2017-04-25T09:58:37.418Z] Session [c07d4950-299d-11e7-8ea7-eb2c997e7c9f] - Session.negotiatedCapabilities - {"browserName":"phantomjs","version":"2.1.1","driverName":"ghostdriver","driverVersion":"1.2.0","platform":"windows-10-32bit","javascriptEnabled":true,"takesScreenshot":true,"handlesAlerts":false,"databaseEnabled":false,"locationContextEnabled":false,"applicationCacheEnabled":false,"browserConnectionEnabled":false,"cssSelectorsEnabled":true,"webStorageEnabled":false,"rotatable":false,"acceptSslCerts":false,"nativeEvents":true,"proxy":{"proxyType":"direct"}}
[INFO  - 2017-04-25T09:58:37.418Z] SessionManagerReqHand - _postNewSessionCommand - New Session Created: c07d4950-299d-11e7-8ea7-eb2c997e7c9f
[INFO  - 2017-04-25T10:03:37.133Z] SessionManagerReqHand - _cleanupWindowlessSessions - Asynchronous Sessions clean-up phase starting NOW
[INFO  - 2017-04-25T10:08:37.133Z] SessionManagerReqHand - _cleanupWindowlessSessions - Asynchronous Sessions clean-up phase starting NOW
[INFO  - 2017-04-25T10:13:37.133Z] SessionManagerReqHand - _cleanupWindowlessSessions - Asynchronous Sessions clean-up phase starting NOW
[INFO  - 2017-04-25T10:18:37.136Z] SessionManagerReqHand - _cleanupWindowlessSessions - Asynchronous Sessions clean-up phase starting NOW
[INFO  - 2017-04-25T10:23:37.136Z] SessionManagerReqHand - _cleanupWindowlessSessions - Asynchronous Sessions clean-up phase starting NOW
scriptEnabled":true,"loadImages":true,"localToRemoteUrlAccessEnabled":false,"userAgent":"Mozilla/5.0 (X11; Linux x86_64) AppleWebKit/537.36 (KHTML, like Gecko) Chrome/57.0.2987.133 Safari/537.36 Windows","webSecurityEnabled":true}
[INFO  - 2017-04-25T10:15:11.841Z] Session [11360ab0-29a0-11e7-a091-7ddad41decbe] - page.customHeaders:  - {}
[INFO  - 2017-04-25T10:15:11.841Z] Session [11360ab0-29a0-11e7-a091-7ddad41decbe] - Session.negotiatedCapabilities - {"browserName":"phantomjs","version":"2.1.1","driverName":"ghostdriver","driverVersion":"1.2.0","platform":"windows-10-32bit","javascriptEnabled":true,"takesScreenshot":true,"handlesAlerts":false,"databaseEnabled":false,"locationContextEnabled":false,"applicationCacheEnabled":false,"browserConnectionEnabled":false,"cssSelectorsEnabled":true,"webStorageEnabled":false,"rotatable":false,"acceptSslCerts":false,"nativeEvents":true,"proxy":{"proxyType":"direct"},"phantomjs.page.settings.userAgent":"Mozilla/5.0 (X11; Linux x86_64) AppleWebKit/537.36 (KHTML, like Gecko) Chrome/57.0.2987.133 Safari/537.36 Windows"}
[INFO  - 2017-04-25T10:15:11.841Z] SessionManagerReqHand - _postNewSessionCommand - New Session Created: 11360ab0-29a0-11e7-a091-7ddad41decbe
[INFO  - 2017-04-25T10:15:19.574Z] ShutdownReqHand - _handle - About to shutdown
[INFO  - 2017-04-25T10:29:08.511Z] GhostDriver - Main - running on port 9285
[INFO  - 2017-04-25T10:29:08.842Z] Session [041a6950-29a2-11e7-8c59-9b22dd523fd5] - page.settings - {"XSSAuditingEnabled":false,"javascriptCanCloseWindows":true,"javascriptCanOpenWindows":true,"javascriptEnabled":true,"loadImages":true,"localToRemoteUrlAccessEnabled":false,"userAgent":"Mozilla/5.0 (X11; Linux x86_64) AppleWebKit/537.36 (KHTML, like Gecko) Chrome/57.0.2987.133 Safari/537.36 Windows","webSecurityEnabled":true}
[INFO  - 2017-04-25T10:29:08.843Z] Session [041a6950-29a2-11e7-8c59-9b22dd523fd5] - page.customHeaders:  - {}
[INFO  - 2017-04-25T10:29:08.843Z] Session [041a6950-29a2-11e7-8c59-9b22dd523fd5] - Session.negotiatedCapabilities - {"browserName":"phantomjs","version":"2.1.1","driverName":"ghostdriver","driverVersion":"1.2.0","platform":"windows-10-32bit","javascriptEnabled":true,"takesScreenshot":true,"handlesAlerts":false,"databaseEnabled":false,"locationContextEnabled":false,"applicationCacheEnabled":false,"browserConnectionEnabled":false,"cssSelectorsEnabled":true,"webStorageEnabled":false,"rotatable":false,"acceptSslCerts":false,"nativeEvents":true,"proxy":{"proxyType":"direct"},"phantomjs.page.settings.userAgent":"Mozilla/5.0 (X11; Linux x86_64) AppleWebKit/537.36 (KHTML, like Gecko) Chrome/57.0.2987.133 Safari/537.36 Windows"}
[INFO  - 2017-04-25T10:29:08.843Z] SessionManagerReqHand - _postNewSessionCommand - New Session Created: 041a6950-29a2-11e7-8c59-9b22dd523fd5
[ERROR - 2017-04-25T10:29:12.455Z] WebElementLocator - _handleLocateCommand - Element(s) NOT Found: GAVE UP. Search Stop Time: 1493116152412
[INFO  - 2017-04-25T10:30:22.886Z] GhostDriver - Main - running on port 27253
[INFO  - 2017-04-25T10:30:23.193Z] Session [306b7940-29a2-11e7-9156-51253b2e41f6] - page.settings - {"XSSAuditingEnabled":false,"javascriptCanCloseWindows":true,"javascriptCanOpenWindows":true,"javascriptEnabled":true,"loadImages":true,"localToRemoteUrlAccessEnabled":false,"userAgent":"Mozilla/5.0 (X11; Linux x86_64) AppleWebKit/537.36 (KHTML, like Gecko) Chrome/57.0.2987.133 Safari/537.36 Windows","webSecurityEnabled":true}
[INFO  - 2017-04-25T10:30:23.193Z] Session [306b7940-29a2-11e7-9156-51253b2e41f6] - page.customHeaders:  - {}
[INFO  - 2017-04-25T10:30:23.193Z] Session [306b7940-29a2-11e7-9156-51253b2e41f6] - Session.negotiatedCapabilities - {"browserName":"phantomjs","version":"2.1.1","driverName":"ghostdriver","driverVersion":"1.2.0","platform":"windows-10-32bit","javascriptEnabled":true,"takesScreenshot":true,"handlesAlerts":false,"databaseEnabled":false,"locationContextEnabled":false,"applicationCacheEnabled":false,"browserConnectionEnabled":false,"cssSelectorsEnabled":true,"webStorageEnabled":false,"rotatable":false,"acceptSslCerts":false,"nativeEvents":true,"proxy":{"proxyType":"direct"},"phantomjs.page.settings.userAgent":"Mozilla/5.0 (X11; Linux x86_64) AppleWebKit/537.36 (KHTML, like Gecko) Chrome/57.0.2987.133 Safari/537.36 Windows"}
[INFO  - 2017-04-25T10:30:23.193Z] SessionManagerReqHand - _postNewSessionCommand - New Session Created: 306b7940-29a2-11e7-9156-51253b2e41f6
[INFO  - 2017-04-25T10:35:22.887Z] SessionManagerReqHand - _cleanupWindowlessSessions - Asynchronous Sessions clean-up phase starting NOW
[INFO  - 2017-04-25T10:40:22.908Z] SessionManagerReqHand - _cleanupWindowlessSessions - Asynchronous Sessions clean-up phase starting NOW
[INFO  - 2017-04-25T10:41:44.624Z] GhostDriver - Main - running on port 11323
[INFO  - 2017-04-25T10:41:44.938Z] Session [c6c55a40-29a3-11e7-95fc-a75415394ec4] - page.settings - {"XSSAuditingEnabled":false,"javascriptCanCloseWindows":true,"javascriptCanOpenWindows":true,"javascriptEnabled":true,"loadImages":true,"localToRemoteUrlAccessEnabled":false,"userAgent":"Mozilla/5.0 (X11; Linux x86_64) AppleWebKit/537.36 (KHTML, like Gecko) Chrome/57.0.2987.133 Safari/537.36 Windows","webSecurityEnabled":true}
[INFO  - 2017-04-25T10:41:44.938Z] Session [c6c55a40-29a3-11e7-95fc-a75415394ec4] - page.customHeaders:  - {}
[INFO  - 2017-04-25T10:41:44.938Z] Session [c6c55a40-29a3-11e7-95fc-a75415394ec4] - Session.negotiatedCapabilities - {"browserName":"phantomjs","version":"2.1.1","driverName":"ghostdriver","driverVersion":"1.2.0","platform":"windows-10-32bit","javascriptEnabled":true,"takesScreenshot":true,"handlesAlerts":false,"databaseEnabled":false,"locationContextEnabled":false,"applicationCacheEnabled":false,"browserConnectionEnabled":false,"cssSelectorsEnabled":true,"webStorageEnabled":false,"rotatable":false,"acceptSslCerts":false,"nativeEvents":true,"proxy":{"proxyType":"direct"},"phantomjs.page.settings.userAgent":"Mozilla/5.0 (X11; Linux x86_64) AppleWebKit/537.36 (KHTML, like Gecko) Chrome/57.0.2987.133 Safari/537.36 Windows"}
[INFO  - 2017-04-25T10:41:44.938Z] SessionManagerReqHand - _postNewSessionCommand - New Session Created: c6c55a40-29a3-11e7-95fc-a75415394ec4
[INFO  - 2017-04-25T10:41:48.216Z] ShutdownReqHand - _handle - About to shutdown
[INFO  - 2017-04-25T10:43:20.619Z] GhostDriver - Main - running on port 38093
[INFO  - 2017-04-25T10:43:20.909Z] Session [fff98480-29a3-11e7-88eb-cb13c91866fc] - page.settings - {"XSSAuditingEnabled":false,"javascriptCanCloseWindows":true,"javascriptCanOpenWindows":true,"javascriptEnabled":true,"loadImages":true,"localToRemoteUrlAccessEnabled":false,"userAgent":"Mozilla/5.0 (X11; Linux x86_64) AppleWebKit/537.36 (KHTML, like Gecko) Chrome/57.0.2987.133 Safari/537.36 Windows","webSecurityEnabled":true}
[INFO  - 2017-04-25T10:43:20.910Z] Session [fff98480-29a3-11e7-88eb-cb13c91866fc] - page.customHeaders:  - {}
[INFO  - 2017-04-25T10:43:20.910Z] Session [fff98480-29a3-11e7-88eb-cb13c91866fc] - Session.negotiatedCapabilities - {"browserName":"phantomjs","version":"2.1.1","driverName":"ghostdriver","driverVersion":"1.2.0","platform":"windows-10-32bit","javascriptEnabled":true,"takesScreenshot":true,"handlesAlerts":false,"databaseEnabled":false,"locationContextEnabled":false,"applicationCacheEnabled":false,"browserConnectionEnabled":false,"cssSelectorsEnabled":true,"webStorageEnabled":false,"rotatable":false,"acceptSslCerts":false,"nativeEvents":true,"proxy":{"proxyType":"direct"},"phantomjs.page.settings.userAgent":"Mozilla/5.0 (X11; Linux x86_64) AppleWebKit/537.36 (KHTML, like Gecko) Chrome/57.0.2987.133 Safari/537.36 Windows"}
[INFO  - 2017-04-25T10:43:20.910Z] SessionManagerReqHand - _postNewSessionCommand - New Session Created: fff98480-29a3-11e7-88eb-cb13c91866fc
[INFO  - 2017-04-25T10:43:24.350Z] ShutdownReqHand - _handle - About to shutdown
[INFO  - 2017-04-25T10:54:10.755Z] GhostDriver - Main - running on port 48486
[INFO  - 2017-04-25T10:54:11.054Z] Session [837dc590-29a5-11e7-8e29-457751b25a20] - page.settings - {"XSSAuditingEnabled":false,"javascriptCanCloseWindows":true,"javascriptCanOpenWindows":true,"javascriptEnabled":true,"loadImages":true,"localToRemoteUrlAccessEnabled":false,"userAgent":"Mozilla/5.0 (X11; Linux x86_64) AppleWebKit/537.36 (KHTML, like Gecko) Chrome/57.0.2987.133 Safari/537.36 Windows","webSecurityEnabled":true}
[INFO  - 2017-04-25T10:54:11.054Z] Session [837dc590-29a5-11e7-8e29-457751b25a20] - page.customHeaders:  - {}
[INFO  - 2017-04-25T10:54:11.054Z] Session [837dc590-29a5-11e7-8e29-457751b25a20] - Session.negotiatedCapabilities - {"browserName":"phantomjs","version":"2.1.1","driverName":"ghostdriver","driverVersion":"1.2.0","platform":"windows-10-32bit","javascriptEnabled":true,"takesScreenshot":true,"handlesAlerts":false,"databaseEnabled":false,"locationContextEnabled":false,"applicationCacheEnabled":false,"browserConnectionEnabled":false,"cssSelectorsEnabled":true,"webStorageEnabled":false,"rotatable":false,"acceptSslCerts":false,"nativeEvents":true,"proxy":{"proxyType":"direct"},"phantomjs.page.settings.userAgent":"Mozilla/5.0 (X11; Linux x86_64) AppleWebKit/537.36 (KHTML, like Gecko) Chrome/57.0.2987.133 Safari/537.36 Windows"}
[INFO  - 2017-04-25T10:54:11.054Z] SessionManagerReqHand - _postNewSessionCommand - New Session Created: 837dc590-29a5-11e7-8e29-457751b25a20
[INFO  - 2017-04-25T10:54:15.232Z] ShutdownReqHand - _handle - About to shutdown
[INFO  - 2017-04-25T10:55:24.081Z] GhostDriver - Main - running on port 7482
[INFO  - 2017-04-25T10:55:24.334Z] Session [af2b4280-29a5-11e7-95f2-395594a111ae] - page.settings - {"XSSAuditingEnabled":false,"javascriptCanCloseWindows":true,"javascriptCanOpenWindows":true,"javascriptEnabled":true,"loadImages":true,"localToRemoteUrlAccessEnabled":false,"userAgent":"Mozilla/5.0 (X11; Linux x86_64) AppleWebKit/537.36 (KHTML, like Gecko) Chrome/57.0.2987.133 Safari/537.36 Windows","webSecurityEnabled":true}
[INFO  - 2017-04-25T10:55:24.334Z] Session [af2b4280-29a5-11e7-95f2-395594a111ae] - page.customHeaders:  - {}
[INFO  - 2017-04-25T10:55:24.334Z] Session [af2b4280-29a5-11e7-95f2-395594a111ae] - Session.negotiatedCapabilities - {"browserName":"phantomjs","version":"2.1.1","driverName":"ghostdriver","driverVersion":"1.2.0","platform":"windows-10-32bit","javascriptEnabled":true,"takesScreenshot":true,"handlesAlerts":false,"databaseEnabled":false,"locationContextEnabled":false,"applicationCacheEnabled":false,"browserConnectionEnabled":false,"cssSelectorsEnabled":true,"webStorageEnabled":false,"rotatable":false,"acceptSslCerts":false,"nativeEvents":true,"proxy":{"proxyType":"direct"},"phantomjs.page.settings.userAgent":"Mozilla/5.0 (X11; Linux x86_64) AppleWebKit/537.36 (KHTML, like Gecko) Chrome/57.0.2987.133 Safari/537.36 Windows"}
[INFO  - 2017-04-25T10:55:24.334Z] SessionManagerReqHand - _postNewSessionCommand - New Session Created: af2b4280-29a5-11e7-95f2-395594a111ae
[INFO  - 2017-04-25T10:55:29.430Z] ShutdownReqHand - _handle - About to shutdown
[INFO  - 2017-04-25T10:57:30.487Z] GhostDriver - Main - running on port 26291
[INFO  - 2017-04-25T10:57:30.742Z] Session [fa83be10-29a5-11e7-974e-5d5a188712a2] - page.settings - {"XSSAuditingEnabled":false,"javascriptCanCloseWindows":true,"javascriptCanOpenWindows":true,"javascriptEnabled":true,"loadImages":true,"localToRemoteUrlAccessEnabled":false,"userAgent":"Mozilla/5.0 (X11; Linux x86_64) AppleWebKit/537.36 (KHTML, like Gecko) Chrome/57.0.2987.133 Safari/537.36 Windows","webSecurityEnabled":true}
[INFO  - 2017-04-25T10:57:30.742Z] Session [fa83be10-29a5-11e7-974e-5d5a188712a2] - page.customHeaders:  - {}
[INFO  - 2017-04-25T10:57:30.742Z] Session [fa83be10-29a5-11e7-974e-5d5a188712a2] - Session.negotiatedCapabilities - {"browserName":"phantomjs","version":"2.1.1","driverName":"ghostdriver","driverVersion":"1.2.0","platform":"windows-10-32bit","javascriptEnabled":true,"takesScreenshot":true,"handlesAlerts":false,"databaseEnabled":false,"locationContextEnabled":false,"applicationCacheEnabled":false,"browserConnectionEnabled":false,"cssSelectorsEnabled":true,"webStorageEnabled":false,"rotatable":false,"acceptSslCerts":false,"nativeEvents":true,"proxy":{"proxyType":"direct"},"phantomjs.page.settings.userAgent":"Mozilla/5.0 (X11; Linux x86_64) AppleWebKit/537.36 (KHTML, like Gecko) Chrome/57.0.2987.133 Safari/537.36 Windows"}
[INFO  - 2017-04-25T10:57:30.742Z] SessionManagerReqHand - _postNewSessionCommand - New Session Created: fa83be10-29a5-11e7-974e-5d5a188712a2
[INFO  - 2017-04-25T10:58:15.854Z] ShutdownReqHand - _handle - About to shutdown
